<?xml version="1.0" encoding="UTF-8"?>
<testsuite name="BabysitterTest" tests="9" skipped="0" failures="0" errors="0" timestamp="2019-01-01T22:00:16" hostname="RYZEN_J" time="0.028">
  <properties/>
  <testcase name="testStartTimeTooEarly" classname="BabysitterTest" time="0.025"/>
  <testcase name="testBusyBabysitter" classname="BabysitterTest" time="0.0"/>
  <testcase name="testNewBabysitterPay" classname="BabysitterTest" time="0.0"/>
  <testcase name="testInvalidFamily" classname="BabysitterTest" time="0.0"/>
  <testcase name="testNewBabysitterNotBusy" classname="BabysitterTest" time="0.0"/>
  <testcase name="testMultipleFamilies" classname="BabysitterTest" time="0.0"/>
  <testcase name="testValidFamily" classname="BabysitterTest" time="0.0"/>
  <testcase name="testStartTimeTooLate" classname="BabysitterTest" time="0.0"/>
  <testcase name="testEarliestStartTime" classname="BabysitterTest" time="0.0"/>
  <system-out><![CDATA[]]></system-out>
  <system-err><![CDATA[]]></system-err>
</testsuite>
