<?xml version="1.0" encoding="UTF-8"?>
<testsuite name="BabysitterTest" tests="6" skipped="0" failures="0" errors="0" timestamp="2018-12-31T22:08:04" hostname="RYZEN_J" time="0.007">
  <properties/>
  <testcase name="testBusyBabysitter" classname="BabysitterTest" time="0.0"/>
  <testcase name="testNewBabysitterPay" classname="BabysitterTest" time="0.0"/>
  <testcase name="testInvalidFamily" classname="BabysitterTest" time="0.005"/>
  <testcase name="testNewBabysitterNotBusy" classname="BabysitterTest" time="0.0"/>
  <testcase name="testMultipleFamilies" classname="BabysitterTest" time="0.001"/>
  <testcase name="testValidFamily" classname="BabysitterTest" time="0.0"/>
  <system-out><![CDATA[]]></system-out>
  <system-err><![CDATA[]]></system-err>
</testsuite>
